2026-04-14 14:19:28.097: [INFO] VisibilityChanged: 0
2026-04-14 14:19:28.146: [INFO] RecordSyncInitDuration has_sync_been_enabled: 0 state: 0
2026-04-14 14:19:28.148: [INFO] RecordSyncInitDuration has_sync_been_enabled: 0 state: 0
2026-04-14 14:19:28.150: [INFO] RecordSyncInitDuration has_sync_been_enabled: 0 state: 0
2026-04-14 14:19:28.151: [INFO] RecordSyncInitDuration has_sync_been_enabled: 0 state: 0
2026-04-14 14:19:28.153: [INFO] RecordSyncInitDuration has_sync_been_enabled: 0 state: 0
2026-04-14 14:19:28.154: [INFO] RecordSyncInitDuration has_sync_been_enabled: 0 state: 0
2026-04-14 14:19:28.155: [INFO] RecordSyncInitDuration has_sync_been_enabled: 0 state: 0
2026-04-14 14:19:28.156: [INFO] RecordSyncInitDuration has_sync_been_enabled: 0 state: 0
2026-04-14 14:19:28.157: [INFO] RecordSyncInitDuration has_sync_been_enabled: 0 state: 0
2026-04-14 14:19:28.159: [INFO] RecordSyncInitDuration has_sync_been_enabled: 0 state: 0
2026-04-14 14:19:28.160: [INFO] RecordSyncInitDuration has_sync_been_enabled: 0 state: 0
2026-04-14 14:19:28.161: [INFO] RecordSyncInitDuration has_sync_been_enabled: 0 state: 0
2026-04-14 14:19:28.182: [INFO] BookmarkNodeAdded, ABU: 0
2026-04-14 14:19:28.183: [INFO] BookmarkNodeAdded, ABU: 0
2026-04-14 14:19:28.183: [INFO] BookmarkNodeAdded, ABU: 0
2026-04-14 14:19:28.183: [INFO] BookmarkModelLoaded, ids_reassigned: 0
2026-04-14 14:19:28.183: [INFO] OnDoneLoading sync enabled: 0
2026-04-14 14:19:28.186: [INFO] RecordSyncInitDuration has_sync_been_enabled: 0 state: 0
2026-04-14 14:19:36.698: [INFO] RecordSyncInitDuration has_sync_been_enabled: 0 state: 3
2026-04-14 14:19:36.712: [INFO] Primary account changed.
2026-04-14 14:19:36.712: [INFO] OnPrimaryAccountChanged PrimaryAccountChangeEvent::Type::kSet
2026-04-14 14:19:36.717: [INFO] RecordSyncInitDuration has_sync_been_enabled: 0 state: 3
2026-04-14 14:19:47.262: [INFO] BookmarkNodeAdded, ABU: 0
2026-04-14 14:19:47.263: [INFO] BookmarkNodeAdded, ABU: 0
2026-04-14 14:19:47.264: [INFO] BookmarkNodeAdded, ABU: 0
2026-04-14 14:19:47.264: [INFO] BookmarkNodeAdded, ABU: 0
2026-04-14 14:19:47.265: [INFO] BookmarkNodeAdded, ABU: 0
2026-04-14 14:19:47.265: [INFO] BookmarkNodeAdded, ABU: 0
2026-04-14 14:19:47.885: [INFO] Sync initialization duration: 11015ms
2026-04-15 17:23:30.281: [INFO] VisibilityChanged: 0
2026-04-15 17:23:30.356: [INFO] BookmarkNodeAdded, ABU: 0
2026-04-15 17:23:30.357: [INFO] BookmarkNodeAdded, ABU: 0
2026-04-15 17:23:30.357: [INFO] BookmarkNodeAdded, ABU: 0
2026-04-15 17:23:30.357: [INFO] BookmarkModelLoaded, ids_reassigned: 0
2026-04-15 17:23:30.357: [INFO] OnDoneLoading sync enabled: 0
