{"logTime": "0414/141943", "correlationVector":"pS7qXieCBKPcJaR3EUjF2V.1","action":"SyncServerConnectionManagerRequest", "result":"SYNC_SERVER_OK", "context":{"environment":"Prod_germanywestcentral_prod-s01-010-eur-germanywestcentral", "migrationStage":"NotStarted", "server":"akswtt00000000e"}}
{"logTime": "0414/141943", "correlationVector":"pS7qXieCBKPcJaR3EUjF2V.2","action":"ProcessGetUpdates", "result":"Done", "context":{"dataType":"Encryption Keys", "deleted":"0", "process_failed_to_decrypt":"0", "process_pending_decryption":"0", "process_success":"1", "total":"1"}}
{"logTime": "0414/141946", "correlationVector":"4PQM+igNEVvuWslV4pBYvQ","action":"SyncServerConnectionManagerRequest", "result":"SYNC_SERVER_OK", "context":{"environment":"", "migrationStage":"", "server":""}}
{"logTime": "0414/141946", "correlationVector":"4PQM+igNEVvuWslV4pBYvQ.0","action":"EncryptionKeysFetcher.DownloadKeys:", "result":"Success", "context":Key count: 6, Last key timestamp: 2026-03-31T11:35:33Z}
{"logTime": "0414/141946", "correlationVector":"4PQM+igNEVvuWslV4pBYvQ.1","action":"EncryptionKeysManager::SetEncryptionKeys:", "result":"Success", "context":Key names[6]:[CMqW6k1wEGx5YWIw1Agg2AvLNe0u0Z24879HcomQRhzigR56V64d99ofzyeKYZTgE8Yk/NHKc/Ha6yBT5CfLkg==][3wwbxnAU/fOGabH67Ih4skPwdVk1MoBIj2DIwyopLBRCgpQCgN8b06lRaP1L+37pSCiAARZ2bSBp5ynr9lOFnw==][JREFIj2n+htdB+Z8skq92xWU/hRfEvcXXDP+DJRs7tM+UQkyvTIoEFjWXaKiRAvMMCvpp2eQbzmstV2GDQZtCQ==][vFGbVdTnwXMVJSrBvI3QZaItwM9kCjtX3oPetVicZ0WCLPtIn+dzFv3hOfGZo8kdQj+uMXnUYTbpQZpjFNDqCw==][WHaWu0fIX3c6PkUpcYXxH9i79e3kb1F1+ZninIbs7iFhHKlf4QZm/X6IsuPV9WkkN6wh8zuZo02S7LHm8djL9w==][D5qf2KaOf4nG6zQdn21cpL1nOqVJvzwcd0P2Cf+wqq9BVqnznlPdmCY/ioelPeX4feUmysBln8WiOgEHkaiIig==]}
{"logTime": "0414/141946", "correlationVector":"4PQM+igNEVvuWslV4pBYvQ.2","action":"EncryptionKeysManager::SetEncryptionKeysWithTimestamps:", "result":"Success", "context":Key timestamps[6]:[2024-01-10T16:37:06Z][2024-01-10T19:00:12Z][2024-09-10T12:04:25Z][2025-03-18T11:41:19Z][2025-10-01T08:18:22Z][2026-03-31T11:35:33Z]}
{"logTime": "0414/141946", "correlationVector":"pS7qXieCBKPcJaR3EUjF2V","action":"Initial GetUpdates", "result":"", "context":Reason: NEW_CLIENT. cV=pS7qXieCBKPcJaR3EUjF2V}
{"logTime": "0414/141946", "correlationVector":"pS7qXieCBKPcJaR3EUjF2V.3","action":"GetUpdates Response", "result":"Success", "context":Received 1 update(s). cV=pS7qXieCBKPcJaR3EUjF2V.0;server=akswtt00000000e;cloudType=Consumer;environment=Prod_germanywestcentral_prod-s01-010-eur-germanywestcentral;migrationStage=NotStarted}
{"logTime": "0414/141946", "correlationVector":"x/YNTGFY5vmSVZGbaa87lv","action":"Initial GetUpdates", "result":"", "context":Reason: NEWLY_SUPPORTED_DATATYPE. cV=x/YNTGFY5vmSVZGbaa87lv}
{"logTime": "0414/141946", "correlationVector":"x/YNTGFY5vmSVZGbaa87lv.1","action":"SyncServerConnectionManagerRequest", "result":"SYNC_SERVER_OK", "context":{"environment":"Prod_germanywestcentral_prod-s01-011-eur-germanywestcentral", "migrationStage":"NotStarted", "server":"akswtt003000004"}}
{"logTime": "0414/141946", "correlationVector":"x/YNTGFY5vmSVZGbaa87lv.2","action":"ProcessGetUpdates", "result":"Done", "context":{"dataType":"Preferences", "deleted":"0", "process_failed_to_decrypt":"0", "process_pending_decryption":"0", "process_success":"51", "total":"51"}}
{"logTime": "0414/141946", "correlationVector":"x/YNTGFY5vmSVZGbaa87lv.3","action":"ProcessGetUpdates", "result":"Done", "context":{"dataType":"Passwords", "deleted":"0", "process_failed_to_decrypt":"0", "process_pending_decryption":"0", "process_success":"52", "total":"52"}}
{"logTime": "0414/141946", "correlationVector":"x/YNTGFY5vmSVZGbaa87lv.4","action":"ProcessGetUpdates", "result":"Done", "context":{"dataType":"Device Info", "deleted":"0", "process_failed_to_decrypt":"0", "process_pending_decryption":"0", "process_success":"2", "total":"2"}}
{"logTime": "0414/141946", "correlationVector":"x/YNTGFY5vmSVZGbaa87lv.5","action":"GetUpdates Response", "result":"Success", "context":Received 105 update(s). cV=x/YNTGFY5vmSVZGbaa87lv.0;server=akswtt003000004;cloudType=Consumer;environment=Prod_germanywestcentral_prod-s01-011-eur-germanywestcentral;migrationStage=NotStarted}
{"logTime": "0414/141946", "correlationVector":"+Tq20gaE8lzxN/dYsBDsfu","action":"Initial GetUpdates", "result":"", "context":Reason: NEWLY_SUPPORTED_DATATYPE. cV=+Tq20gaE8lzxN/dYsBDsfu}
{"logTime": "0414/141947", "correlationVector":"+Tq20gaE8lzxN/dYsBDsfu.1","action":"SyncServerConnectionManagerRequest", "result":"SYNC_SERVER_OK", "context":{"environment":"Prod_germanywestcentral_prod-s01-011-eur-germanywestcentral", "migrationStage":"NotStarted", "server":"akswtt00300000e"}}
{"logTime": "0414/141947", "correlationVector":"+Tq20gaE8lzxN/dYsBDsfu.2","action":"ProcessGetUpdates", "result":"Done", "context":{"dataType":"Bookmarks", "deleted":"0", "process_failed_to_decrypt":"0", "process_pending_decryption":"0", "process_success":"12", "total":"12"}}
{"logTime": "0414/141947", "correlationVector":"+Tq20gaE8lzxN/dYsBDsfu.3","action":"GetUpdates Response", "result":"Success", "context":Received 12 update(s). cV=+Tq20gaE8lzxN/dYsBDsfu.0;server=akswtt00300000e;cloudType=Consumer;environment=Prod_germanywestcentral_prod-s01-011-eur-germanywestcentral;migrationStage=NotStarted}
{"logTime": "0414/141947", "correlationVector":"JqMsp6xMvi53jRhNTdZ+4R","action":"Initial GetUpdates", "result":"", "context":Reason: NEWLY_SUPPORTED_DATATYPE. cV=JqMsp6xMvi53jRhNTdZ+4R}
{"logTime": "0414/141947", "correlationVector":"JqMsp6xMvi53jRhNTdZ+4R.1","action":"SyncServerConnectionManagerRequest", "result":"SYNC_SERVER_OK", "context":{"environment":"Prod_germanywestcentral_prod-s01-010-eur-germanywestcentral", "migrationStage":"NotStarted", "server":"akswtt00000000h"}}
{"logTime": "0414/141947", "correlationVector":"JqMsp6xMvi53jRhNTdZ+4R.2","action":"ProcessGetUpdates", "result":"Done", "context":{"dataType":"Autofill Profiles", "deleted":"1", "process_failed_to_decrypt":"0", "process_pending_decryption":"0", "process_success":"2", "total":"2"}}
{"logTime": "0414/141947", "correlationVector":"JqMsp6xMvi53jRhNTdZ+4R.3","action":"ProcessGetUpdates", "result":"Done", "context":{"dataType":"Autofill", "deleted":"0", "process_failed_to_decrypt":"0", "process_pending_decryption":"0", "process_success":"128", "total":"128"}}
{"logTime": "0414/141947", "correlationVector":"JqMsp6xMvi53jRhNTdZ+4R.4","action":"ProcessGetUpdates", "result":"Done", "context":{"dataType":"Extensions", "deleted":"1", "process_failed_to_decrypt":"0", "process_pending_decryption":"0", "process_success":"1", "total":"1"}}
{"logTime": "0414/141947", "correlationVector":"JqMsp6xMvi53jRhNTdZ+4R.5","action":"ProcessGetUpdates", "result":"Done", "context":{"dataType":"Sessions", "deleted":"24", "process_failed_to_decrypt":"0", "process_pending_decryption":"0", "process_success":"27", "total":"27"}}
{"logTime": "0414/141947", "correlationVector":"JqMsp6xMvi53jRhNTdZ+4R.6","action":"ProcessGetUpdates", "result":"Done", "context":{"dataType":"Edge Hub App Usage", "deleted":"1", "process_failed_to_decrypt":"0", "process_pending_decryption":"0", "process_success":"2", "total":"2"}}
{"logTime": "0414/141947", "correlationVector":"JqMsp6xMvi53jRhNTdZ+4R.7","action":"GetUpdates Response", "result":"Success", "context":Received 160 update(s). cV=JqMsp6xMvi53jRhNTdZ+4R.0;server=akswtt00000000h;cloudType=Consumer;environment=Prod_germanywestcentral_prod-s01-010-eur-germanywestcentral;migrationStage=NotStarted}
{"logTime": "0414/141947", "correlationVector":"muXg6hybrcqYj7PCKq9o2H","action":"Initial GetUpdates", "result":"", "context":Reason: NEWLY_SUPPORTED_DATATYPE. cV=muXg6hybrcqYj7PCKq9o2H}
{"logTime": "0414/141948", "correlationVector":"muXg6hybrcqYj7PCKq9o2H.1","action":"SyncServerConnectionManagerRequest", "result":"SYNC_SERVER_OK", "context":{"environment":"Prod_germanywestcentral_prod-s01-011-eur-germanywestcentral", "migrationStage":"NotStarted", "server":"akswtt00300000a"}}
{"logTime": "0414/141948", "correlationVector":"muXg6hybrcqYj7PCKq9o2H.2","action":"ProcessGetUpdates", "result":"Done", "context":{"dataType":"History", "deleted":"0", "process_failed_to_decrypt":"0", "process_pending_decryption":"0", "process_success":"225", "total":"225"}}
{"logTime": "0414/141948", "correlationVector":"muXg6hybrcqYj7PCKq9o2H.3","action":"GetUpdates Response", "result":"Success", "context":Received 225 update(s). cV=muXg6hybrcqYj7PCKq9o2H.0;server=akswtt00300000a;cloudType=Consumer;environment=Prod_germanywestcentral_prod-s01-011-eur-germanywestcentral;migrationStage=NotStarted}
{"logTime": "0414/141948", "correlationVector":"gaxPOj1gdZzcP3ytI5EmfX","action":"Normal GetUpdate request", "result":"", "context":cV=gaxPOj1gdZzcP3ytI5EmfX
Nudged types: Sessions, Device Info, User Consents
Refresh requested types: Bookmarks, Preferences, Passwords, Autofill Profiles, Autofill, Extensions, Sessions, Extension settings, History Delete Directives, Device Info, User Consents, Send Tab To Self, Web Apps, History, Saved Tab Group, WebAuthn Credentials, Collection, Edge E Drop, Edge Hub App Usage, Edge Wallet, Edge Workspace, Encryption Keys}
{"logTime": "0414/141949", "correlationVector":"gaxPOj1gdZzcP3ytI5EmfX.1","action":"SyncServerConnectionManagerRequest", "result":"SYNC_SERVER_OK", "context":{"environment":"Prod_germanywestcentral_prod-s01-010-eur-germanywestcentral", "migrationStage":"NotStarted", "server":"akswtt00000000d"}}
{"logTime": "0414/141949", "correlationVector":"gaxPOj1gdZzcP3ytI5EmfX.2","action":"GetUpdates Response", "result":"Success", "context":Received 0 update(s). cV=gaxPOj1gdZzcP3ytI5EmfX.0;server=akswtt00000000d;cloudType=Consumer;environment=Prod_germanywestcentral_prod-s01-010-eur-germanywestcentral;migrationStage=NotStarted}
{"logTime": "0414/141949", "correlationVector":"wEtowoU8QkwpjVztXLaBJA","action":"DoCompareDataConsistency requsted types: ", "result":"Bookmarks, Preferences, Passwords, Extensions, Extension settings, History Delete Directives, Send Tab To Self, Web Apps, History, Saved Tab Group, WebAuthn Credentials, Collection, Edge E Drop, Edge Wallet, Edge Workspace, Encryption Keys"}
{"logTime": "0414/141949", "correlationVector":"wEtowoU8QkwpjVztXLaBJA.0","action":"CompareDataConsistency result: ", "result":"Compare result: Encryption Keys is consistent. local entities count is: 1 local entities hash is: SKq7pmkgH4Zk9mpwFNBO4Wjpk20="}
{"logTime": "0414/141949", "correlationVector":"wEtowoU8QkwpjVztXLaBJA.1","action":"CompareDataConsistency result: ", "result":"Compare result: Bookmarks is consistent. local entities count is: 6 local entities hash is: JO8IJAcaK9c5FxMZmpLnV65zynk="}
{"logTime": "0414/141949", "correlationVector":"wEtowoU8QkwpjVztXLaBJA.2","action":"CompareDataConsistency result: ", "result":"Compare result: Preferences is consistent. local entities count is: 51 local entities hash is: MrxflajHwzrZ3Myt4r4CSSDqeV4="}
{"logTime": "0414/141949", "correlationVector":"wEtowoU8QkwpjVztXLaBJA.3","action":"CompareDataConsistency result: ", "result":"Compare result: Extensions is consistent. local entities count is: 0 local entities hash is: "}
{"logTime": "0414/141949", "correlationVector":"wEtowoU8QkwpjVztXLaBJA.4","action":"CompareDataConsistency result: ", "result":"Compare result: Extension settings is consistent. local entities count is: 0 local entities hash is: "}
{"logTime": "0414/141949", "correlationVector":"wEtowoU8QkwpjVztXLaBJA.5","action":"CompareDataConsistency result: ", "result":"Compare result: History Delete Directives is consistent. local entities count is: 0 local entities hash is: "}
{"logTime": "0414/141949", "correlationVector":"wEtowoU8QkwpjVztXLaBJA.6","action":"CompareDataConsistency result: ", "result":"Server did not send this Send Tab To Self local entities count is: 0 local entities hash is: "}
{"logTime": "0414/141949", "correlationVector":"wEtowoU8QkwpjVztXLaBJA.7","action":"CompareDataConsistency result: ", "result":"Compare result: Web Apps is consistent. local entities count is: 0 local entities hash is: "}
{"logTime": "0414/141949", "correlationVector":"wEtowoU8QkwpjVztXLaBJA.8","action":"CompareDataConsistency result: ", "result":"Server did not send this History local entities count is: 0 local entities hash is: "}
{"logTime": "0414/141949", "correlationVector":"wEtowoU8QkwpjVztXLaBJA.9","action":"CompareDataConsistency result: ", "result":"Compare result: Saved Tab Group is consistent. local entities count is: 0 local entities hash is: "}
{"logTime": "0414/141949", "correlationVector":"wEtowoU8QkwpjVztXLaBJA.10","action":"CompareDataConsistency result: ", "result":"Server did not send this WebAuthn Credentials local entities count is: 0 local entities hash is: "}
{"logTime": "0414/141949", "correlationVector":"wEtowoU8QkwpjVztXLaBJA.11","action":"CompareDataConsistency result: ", "result":"Compare result: Collection is consistent. local entities count is: 0 local entities hash is: "}
{"logTime": "0414/141949", "correlationVector":"wEtowoU8QkwpjVztXLaBJA.12","action":"CompareDataConsistency result: ", "result":"Compare result: Edge E Drop is consistent. local entities count is: 0 local entities hash is: "}
{"logTime": "0414/141949", "correlationVector":"wEtowoU8QkwpjVztXLaBJA.13","action":"CompareDataConsistency result: ", "result":"Compare result: Edge Wallet is consistent. local entities count is: 0 local entities hash is: "}
{"logTime": "0414/141949", "correlationVector":"wEtowoU8QkwpjVztXLaBJA.14","action":"CompareDataConsistency result: ", "result":"Server did not send this Edge Workspace local entities count is: 0 local entities hash is: "}
{"logTime": "0414/141949", "correlationVector":"wEtowoU8QkwpjVztXLaBJA.15","action":"CompareDataConsistency result: ", "result":"Compare result: Passwords is consistent. local entities count is: 52 local entities hash is: 1oGR7QlZj9cYZMkrXzFOifaofBo="}
{"logTime": "0414/141949", "correlationVector":"6wM1F0ifN3GDu1AsaaQ7QF","action":"Commit Request", "result":"", "context":Item count: 5
Contributing types: Sessions, Device Info, User Consents}
{"logTime": "0414/141950", "correlationVector":"6wM1F0ifN3GDu1AsaaQ7QF.1","action":"SyncServerConnectionManagerRequest", "result":"SYNC_SERVER_OK", "context":{"environment":"Prod_germanywestcentral_prod-s01-011-eur-germanywestcentral", "migrationStage":"NotStarted", "server":"akswtt00300000h"}}
{"logTime": "0414/141950", "correlationVector":"6wM1F0ifN3GDu1AsaaQ7QF.2","action":"Commit Response", "result":"Success", "context":Result: Success. cV=6wM1F0ifN3GDu1AsaaQ7QF.0;server=akswtt00300000h;cloudType=Consumer;environment=Prod_germanywestcentral_prod-s01-011-eur-germanywestcentral;migrationStage=NotStarted}
{"logTime": "0414/141950", "correlationVector":"","action":"DIAGNOSTIC_REQUEST|v1/diagnosticData/Diagnostic.SendCheckResult()|SUCCESS", "result":""}
{"logTime": "0414/141950", "correlationVector":"4IOe4O7hbLWU7MuLuTEvG5","action":"Commit Request", "result":"", "context":Item count: 3
Contributing types: Sessions, History}
{"logTime": "0414/141950", "correlationVector":"4IOe4O7hbLWU7MuLuTEvG5.1","action":"SyncServerConnectionManagerRequest", "result":"SYNC_SERVER_OK", "context":{"environment":"Prod_germanywestcentral_prod-s01-010-eur-germanywestcentral", "migrationStage":"NotStarted", "server":"akswtt00000000h"}}
{"logTime": "0414/141950", "correlationVector":"4IOe4O7hbLWU7MuLuTEvG5.2","action":"Commit Response", "result":"Success", "context":Result: Success. cV=4IOe4O7hbLWU7MuLuTEvG5.0;server=akswtt00000000h;cloudType=Consumer;environment=Prod_germanywestcentral_prod-s01-010-eur-germanywestcentral;migrationStage=NotStarted}
