2026-04-14 14:19:27.953: [INFO][Sync] Reset engine, reason: 8
2026-04-14 14:19:27.953: [INFO][Sync] Stopped: Bookmarks
2026-04-14 14:19:27.953: [INFO][Sync] Stopped: Preferences
2026-04-14 14:19:27.953: [INFO][Sync] Stopped: Passwords
2026-04-14 14:19:27.953: [INFO][Sync] Stopped: Autofill Profiles
2026-04-14 14:19:27.953: [INFO][Sync] Stopped: Autofill
2026-04-14 14:19:27.953: [INFO][Sync] Stopped: Extensions
2026-04-14 14:19:27.953: [INFO][Sync] Stopped: Sessions
2026-04-14 14:19:27.953: [INFO][Sync] Stopped: Extension settings
2026-04-14 14:19:27.953: [INFO][Sync] Stopped: History Delete Directives
2026-04-14 14:19:27.953: [INFO][Sync] Stopped: Device Info
2026-04-14 14:19:27.953: [INFO][Sync] Stopped: User Consents
2026-04-14 14:19:27.953: [INFO][Sync] Stopped: Send Tab To Self
2026-04-14 14:19:27.953: [INFO][Sync] Stopped: Web Apps
2026-04-14 14:19:27.953: [INFO][Sync] Stopped: History
2026-04-14 14:19:27.953: [INFO][Sync] Stopped: Saved Tab Group
2026-04-14 14:19:27.953: [INFO][Sync] Stopped: WebAuthn Credentials
2026-04-14 14:19:27.953: [INFO][Sync] Stopped: Collection
2026-04-14 14:19:27.953: [INFO][Sync] Stopped: Edge E Drop
2026-04-14 14:19:27.953: [INFO][Sync] Stopped: Edge Hub App Usage
2026-04-14 14:19:27.953: [INFO][Sync] Stopped: Edge Wallet
2026-04-14 14:19:27.953: [INFO][Sync] Stopped: Edge Workspace
2026-04-14 14:19:27.953: [INFO][Sync] SyncState after authenticated was: NotSignedIn
2026-04-14 14:19:28.185: [INFO][Sync] Reset engine, reason: 8
2026-04-14 14:19:28.185: [INFO][Sync] Stopped: Bookmarks
2026-04-14 14:19:28.185: [INFO][Sync] Stopped: Preferences
2026-04-14 14:19:28.185: [INFO][Sync] Stopped: Passwords
2026-04-14 14:19:28.185: [INFO][Sync] Stopped: Autofill Profiles
2026-04-14 14:19:28.185: [INFO][Sync] Stopped: Autofill
2026-04-14 14:19:28.185: [INFO][Sync] Stopped: Extensions
2026-04-14 14:19:28.185: [INFO][Sync] Stopped: Sessions
2026-04-14 14:19:28.185: [INFO][Sync] Stopped: Extension settings
2026-04-14 14:19:28.185: [INFO][Sync] Stopped: History Delete Directives
2026-04-14 14:19:28.185: [INFO][Sync] Stopped: Device Info
2026-04-14 14:19:28.185: [INFO][Sync] Stopped: User Consents
2026-04-14 14:19:28.185: [INFO][Sync] Stopped: Send Tab To Self
2026-04-14 14:19:28.185: [INFO][Sync] Stopped: Web Apps
2026-04-14 14:19:28.185: [INFO][Sync] Stopped: History
2026-04-14 14:19:28.185: [INFO][Sync] Stopped: Saved Tab Group
2026-04-14 14:19:28.185: [INFO][Sync] Stopped: WebAuthn Credentials
2026-04-14 14:19:28.185: [INFO][Sync] Stopped: Collection
2026-04-14 14:19:28.185: [INFO][Sync] Stopped: Edge E Drop
2026-04-14 14:19:28.185: [INFO][Sync] Stopped: Edge Hub App Usage
2026-04-14 14:19:28.185: [INFO][Sync] Stopped: Edge Wallet
2026-04-14 14:19:28.185: [INFO][Sync] Stopped: Edge Workspace
2026-04-14 14:19:36.693: [INFO][Sync] Try to start sync engine
2026-04-14 14:19:36.698: [INFO][SyncManagerImpl::NudgeForInitialDownload] Initial download nudge for Encryption Keys
2026-04-14 14:19:36.698: [INFO][SyncEngineBackend::LoadAndConnectNigoriController] Load and connect Nigori controller
2026-04-14 14:19:36.698: [INFO][SyncEngineBackend::DoInitialize] Control Types added: Encryption Keys
2026-04-14 14:19:36.698: [INFO][SyncManagerImpl::ConfigureSyncer] Types to download: Encryption Keys with reason: 3
2026-04-14 14:19:36.698: [INFO][SyncSchedulerImpl::DoConfigurationSyncCycleJob] Configure job was blocked
2026-04-14 14:19:40.311: [INFO][SyncAuthManager::SetLastAuthError] Current auth error: None
2026-04-14 14:19:40.311: [INFO][SyncAuthManager::EdgeLogTokenErrorState] Token error with: None for account type: MSA
2026-04-14 14:19:40.311: [INFO][Sync] Credentials changed for: EdgeSyncScopeNew
2026-04-14 14:19:42.064: [INFO][SyncAuthManager::SetLastAuthError] Current auth error: None
2026-04-14 14:19:42.064: [INFO][SyncAuthManager::EdgeLogTokenErrorState] Token error with: None for account type: MSA
2026-04-14 14:19:42.064: [INFO][Sync] Credentials changed for: EdgeSyncKeyDataScope
2026-04-14 14:19:42.064: [INFO][SyncEngineBackend::DoUpdateKeyDataCredentials] Update key data credentials
2026-04-14 14:19:42.064: [INFO][SyncEngineBackend::DoUpdateCredentials] Update credentials
2026-04-14 14:19:42.064: [INFO][SyncSchedulerImpl::DoConfigurationSyncCycleJob] Blocked types:  and types to download: Encryption Keys
2026-04-14 14:19:43.139: [INFO][Sync] Started DataTypeManager configuration, reason: 4
2026-04-14 14:19:43.140: [INFO][Sync] Configuring for: Bookmarks, Preferences, Passwords, Autofill Profiles, Autofill, Extensions, Sessions, Extension settings, History Delete Directives, Device Info, User Consents, Send Tab To Self, Web Apps, History, Saved Tab Group, WebAuthn Credentials, Collection, Edge E Drop, Edge Hub App Usage, Edge Wallet, Edge Workspace, Encryption Keys, reason: 3, current state: 0
2026-04-14 14:19:43.140: [WARN][Sync] Crypto error data types: Passwords, Autofill Profiles, Autofill
2026-04-14 14:19:43.142: [INFO][Sync] Configure, desired: Bookmarks, Preferences, Extensions, Sessions, Extension settings, History Delete Directives, Device Info, User Consents, Send Tab To Self, Web Apps, History, Saved Tab Group, WebAuthn Credentials, Collection, Edge E Drop, Edge Hub App Usage, Edge Wallet, Edge Workspace, Encryption Keys; Allow fail: Passwords, Autofill Profiles, Autofill
2026-04-14 14:19:43.143: [INFO][Sync] Loading: Bookmarks
2026-04-14 14:19:43.143: [INFO][Sync] Loading: Preferences
2026-04-14 14:19:43.143: [INFO][Sync] Loading: Extensions
2026-04-14 14:19:43.143: [INFO][Sync] Loading: Sessions
2026-04-14 14:19:43.144: [INFO][Sync] Loading: Extension settings
2026-04-14 14:19:43.144: [INFO][Sync] Loading: History Delete Directives
2026-04-14 14:19:43.144: [INFO][Sync] Loading: Device Info
2026-04-14 14:19:43.145: [INFO][Sync] Loading: User Consents
2026-04-14 14:19:43.145: [INFO][Sync] Loading: Send Tab To Self
2026-04-14 14:19:43.145: [INFO][Sync] Loading: Web Apps
2026-04-14 14:19:43.145: [INFO][Sync] Loading: History
2026-04-14 14:19:43.145: [INFO][Sync] Loading: Saved Tab Group
2026-04-14 14:19:43.145: [INFO][Sync] Loading: WebAuthn Credentials
2026-04-14 14:19:43.145: [INFO][Sync] Loading: Collection
2026-04-14 14:19:43.145: [INFO][Sync] Loading: Edge E Drop
2026-04-14 14:19:43.145: [INFO][Sync] Loading: Edge Hub App Usage
2026-04-14 14:19:43.145: [INFO][Sync] Loading: Edge Wallet
2026-04-14 14:19:43.145: [INFO][Sync] Loading: Edge Workspace
2026-04-14 14:19:43.151: [INFO][Sync] All data types are ready for configure.
2026-04-14 14:19:46.395: [INFO][Sync] Started DataTypeManager configuration, reason: 5
2026-04-14 14:19:46.395: [INFO][Sync] Configuring for: Bookmarks, Preferences, Passwords, Autofill Profiles, Autofill, Extensions, Sessions, Extension settings, History Delete Directives, Device Info, User Consents, Send Tab To Self, Web Apps, History, Saved Tab Group, WebAuthn Credentials, Collection, Edge E Drop, Edge Hub App Usage, Edge Wallet, Edge Workspace, Encryption Keys, reason: 5, current state: 1
2026-04-14 14:19:46.400: [INFO][SyncEngineBackend::DoStartConfiguration] Start configuration
2026-04-14 14:19:46.400: [INFO][SyncManagerImpl::NudgeForInitialDownload] Initial download nudge for Bookmarks
2026-04-14 14:19:46.400: [INFO][SyncManagerImpl::NudgeForInitialDownload] Initial download nudge for Preferences
2026-04-14 14:19:46.400: [INFO][SyncManagerImpl::NudgeForInitialDownload] Initial download nudge for Extensions
2026-04-14 14:19:46.400: [INFO][SyncManagerImpl::NudgeForInitialDownload] Initial download nudge for Sessions
2026-04-14 14:19:46.400: [INFO][SyncManagerImpl::NudgeForInitialDownload] Initial download nudge for Extension settings
2026-04-14 14:19:46.400: [INFO][SyncManagerImpl::NudgeForInitialDownload] Initial download nudge for History Delete Directives
2026-04-14 14:19:46.400: [INFO][SyncManagerImpl::NudgeForInitialDownload] Initial download nudge for Device Info
2026-04-14 14:19:46.400: [INFO][SyncManagerImpl::NudgeForInitialDownload] Initial download nudge for Send Tab To Self
2026-04-14 14:19:46.400: [INFO][SyncManagerImpl::NudgeForInitialDownload] Initial download nudge for Web Apps
2026-04-14 14:19:46.400: [INFO][SyncManagerImpl::NudgeForInitialDownload] Initial download nudge for History
2026-04-14 14:19:46.400: [INFO][SyncManagerImpl::NudgeForInitialDownload] Initial download nudge for Saved Tab Group
2026-04-14 14:19:46.400: [INFO][SyncManagerImpl::NudgeForInitialDownload] Initial download nudge for WebAuthn Credentials
2026-04-14 14:19:46.401: [INFO][SyncManagerImpl::NudgeForInitialDownload] Initial download nudge for Collection
2026-04-14 14:19:46.401: [INFO][SyncManagerImpl::NudgeForInitialDownload] Initial download nudge for Edge E Drop
2026-04-14 14:19:46.401: [INFO][SyncManagerImpl::NudgeForInitialDownload] Initial download nudge for Edge Hub App Usage
2026-04-14 14:19:46.401: [INFO][SyncManagerImpl::NudgeForInitialDownload] Initial download nudge for Edge Wallet
2026-04-14 14:19:46.401: [INFO][SyncManagerImpl::NudgeForInitialDownload] Initial download nudge for Edge Workspace
2026-04-14 14:19:46.401: [INFO][SyncManagerImpl::ConfigureSyncer] Types to download:  with reason: 3
2026-04-14 14:19:46.401: [INFO][SyncEngineBackend::DoFinishConfigureDataTypes] Failed to download types:  and succeeded types: 
2026-04-14 14:19:46.403: [INFO][Sync] ConfigurationDone, failed: , succeeded: , remaining count: 4
2026-04-14 14:19:46.403: [WARN][Sync]     Reconfigure requested while configuration ongoing.
2026-04-14 14:19:46.403: [INFO][Sync] Configuring for: Bookmarks, Preferences, Passwords, Autofill Profiles, Autofill, Extensions, Sessions, Extension settings, History Delete Directives, Device Info, User Consents, Send Tab To Self, Web Apps, History, Saved Tab Group, WebAuthn Credentials, Collection, Edge E Drop, Edge Hub App Usage, Edge Wallet, Edge Workspace, Encryption Keys, reason: 5, current state: 2
2026-04-14 14:19:46.403: [INFO][Sync] Configure, desired: Bookmarks, Preferences, Passwords, Autofill Profiles, Autofill, Extensions, Sessions, Extension settings, History Delete Directives, Device Info, User Consents, Send Tab To Self, Web Apps, History, Saved Tab Group, WebAuthn Credentials, Collection, Edge E Drop, Edge Hub App Usage, Edge Wallet, Edge Workspace, Encryption Keys; Allow fail: 
2026-04-14 14:19:46.403: [INFO][Sync] Loading: Passwords
2026-04-14 14:19:46.403: [INFO][Sync] Loading: Autofill Profiles
2026-04-14 14:19:46.403: [INFO][Sync] Loading: Autofill
2026-04-14 14:19:46.403: [INFO][Sync] All data types are ready for configure.
2026-04-14 14:19:46.403: [INFO][SyncManagerImpl::NudgeForInitialDownload] Initial download nudge for Passwords
2026-04-14 14:19:46.403: [INFO][SyncManagerImpl::NudgeForInitialDownload] Initial download nudge for Autofill Profiles
2026-04-14 14:19:46.403: [INFO][SyncManagerImpl::NudgeForInitialDownload] Initial download nudge for Autofill
2026-04-14 14:19:46.403: [INFO][SyncManagerImpl::ConfigureSyncer] Types to download:  with reason: 5
2026-04-14 14:19:46.403: [INFO][SyncEngineBackend::DoFinishConfigureDataTypes] Failed to download types:  and succeeded types: 
2026-04-14 14:19:46.404: [INFO][Sync] ConfigurationDone, failed: , succeeded: , remaining count: 4
2026-04-14 14:19:46.404: [INFO][Sync] Prepare to configure types: Preferences, Passwords, Device Info, Send Tab To Self, Edge E Drop, Encryption Keys
2026-04-14 14:19:46.404: [INFO][SyncManagerImpl::ConfigureSyncer] Types to download: Preferences, Passwords, Device Info, Send Tab To Self, Edge E Drop, Encryption Keys with reason: 5
2026-04-14 14:19:46.404: [INFO][SyncSchedulerImpl::DoConfigurationSyncCycleJob] Blocked types:  and types to download: Preferences, Passwords, Device Info, Send Tab To Self, Edge E Drop, Encryption Keys
2026-04-14 14:19:46.953: [INFO][SyncEngineBackend::DoFinishConfigureDataTypes] Failed to download types:  and succeeded types: Preferences, Passwords, Device Info, Send Tab To Self, Edge E Drop, Encryption Keys
2026-04-14 14:19:46.967: [INFO][Sync] ConfigurationDone, failed: , succeeded: Preferences, Passwords, Device Info, Send Tab To Self, Edge E Drop, Encryption Keys, remaining count: 3
2026-04-14 14:19:46.967: [INFO][Sync] Prepare to configure types: Bookmarks, Encryption Keys
2026-04-14 14:19:46.967: [INFO][SyncManagerImpl::ConfigureSyncer] Types to download: Bookmarks, Encryption Keys with reason: 5
2026-04-14 14:19:46.967: [INFO][SyncSchedulerImpl::DoConfigurationSyncCycleJob] Blocked types:  and types to download: Bookmarks, Encryption Keys
2026-04-14 14:19:47.262: [INFO][SyncEngineBackend::DoFinishConfigureDataTypes] Failed to download types:  and succeeded types: Bookmarks, Encryption Keys
2026-04-14 14:19:47.268: [INFO][Sync] ConfigurationDone, failed: , succeeded: Bookmarks, Encryption Keys, remaining count: 2
2026-04-14 14:19:47.268: [INFO][Sync] Prepare to configure types: Autofill Profiles, Autofill, Extensions, Sessions, Extension settings, History Delete Directives, Web Apps, Saved Tab Group, WebAuthn Credentials, Collection, Edge Hub App Usage, Edge Wallet, Edge Workspace, Encryption Keys
2026-04-14 14:19:47.268: [INFO][SyncManagerImpl::ConfigureSyncer] Types to download: Autofill Profiles, Autofill, Extensions, Sessions, Extension settings, History Delete Directives, Web Apps, Saved Tab Group, WebAuthn Credentials, Collection, Edge Hub App Usage, Edge Wallet, Edge Workspace, Encryption Keys with reason: 5
2026-04-14 14:19:47.268: [INFO][SyncSchedulerImpl::DoConfigurationSyncCycleJob] Blocked types:  and types to download: Autofill Profiles, Autofill, Extensions, Sessions, Extension settings, History Delete Directives, Web Apps, Saved Tab Group, WebAuthn Credentials, Collection, Edge Hub App Usage, Edge Wallet, Edge Workspace, Encryption Keys
2026-04-14 14:19:47.880: [INFO][SyncEngineBackend::DoFinishConfigureDataTypes] Failed to download types:  and succeeded types: Autofill Profiles, Autofill, Extensions, Sessions, Extension settings, History Delete Directives, Web Apps, Saved Tab Group, WebAuthn Credentials, Collection, Edge Hub App Usage, Edge Wallet, Edge Workspace, Encryption Keys
2026-04-14 14:19:47.884: [INFO][Sync] ConfigurationDone, failed: , succeeded: Autofill Profiles, Autofill, Extensions, Sessions, Extension settings, History Delete Directives, Web Apps, Saved Tab Group, WebAuthn Credentials, Collection, Edge Hub App Usage, Edge Wallet, Edge Workspace, Encryption Keys, remaining count: 1
2026-04-14 14:19:47.885: [INFO][Sync] Prepare to configure types: History, Encryption Keys
2026-04-14 14:19:47.885: [INFO][SyncManagerImpl::ConfigureSyncer] Types to download: History, Encryption Keys with reason: 5
2026-04-14 14:19:47.885: [INFO][SyncSchedulerImpl::DoConfigurationSyncCycleJob] Blocked types:  and types to download: History, Encryption Keys
2026-04-14 14:19:48.570: [INFO][SyncEngineBackend::DoFinishConfigureDataTypes] Failed to download types:  and succeeded types: History, Encryption Keys
2026-04-14 14:19:48.572: [INFO][Sync] ConfigurationDone, failed: , succeeded: History, Encryption Keys, remaining count: 0
2026-04-14 14:19:48.573: [INFO][Sync]     Configuration completed, state: 7
2026-04-14 14:19:48.574: [INFO][Sync] Configured DataTypeManager: Ok
2026-04-14 14:19:48.577: [INFO][SyncEngineBackend::DoStartSyncing] Start syncing
2026-04-14 14:20:20.926: [INFO][Sync] Reset engine, reason: 0
2026-04-14 14:20:20.926: [INFO][Sync] Reset engine with reason: 0
2026-04-15 17:23:30.122: [INFO][Sync] SyncState after authenticated was: FeatureNotRequestedNotSetup
2026-04-15 17:23:30.230: [INFO][Sync] Try to start sync engine
2026-04-15 17:23:30.230: [INFO][SyncManagerImpl::NudgeForInitialDownload] Initial download nudge for Encryption Keys
2026-04-15 17:23:30.230: [INFO][SyncEngineBackend::LoadAndConnectNigoriController] Load and connect Nigori controller
2026-04-15 17:23:30.230: [INFO][SyncEngineBackend::DoInitialize] Control Types added: Encryption Keys
2026-04-15 17:23:30.230: [INFO][SyncManagerImpl::ConfigureSyncer] Types to download: Encryption Keys with reason: 3
2026-04-15 17:23:30.230: [INFO][SyncSchedulerImpl::DoConfigurationSyncCycleJob] Configure job was blocked
2026-04-15 17:24:00.373: [INFO][SyncAuthManager::EdgeLogTokenErrorState] Token error with: Edge auth error: Exceeded max duration. for account type: MSA
2026-04-15 17:24:00.373: [INFO][Sync] Credentials changed for: EdgeSyncScopeNew
2026-04-15 17:24:00.373: [WARN][Sync]    Token is empty
2026-04-15 17:24:00.376: [INFO][Sync] Connection status changed to: 2
2026-04-15 17:24:30.385: [INFO][SyncAuthManager::EdgeLogTokenErrorState] Token error with: Edge auth error: Exceeded max duration. for account type: MSA
2026-04-15 17:24:30.385: [INFO][Sync] Credentials changed for: EdgeSyncScopeNew
2026-04-15 17:24:30.385: [WARN][Sync]    Token is empty
2026-04-15 17:24:30.386: [INFO][Sync] Connection status changed to: 2
2026-04-15 17:25:02.300: [INFO][SyncAuthManager::EdgeLogTokenErrorState] Token error with: Edge auth error: Exceeded max duration. for account type: MSA
2026-04-15 17:25:02.300: [INFO][Sync] Credentials changed for: EdgeSyncScopeNew
2026-04-15 17:25:02.300: [WARN][Sync]    Token is empty
2026-04-15 17:25:02.302: [INFO][Sync] Connection status changed to: 2
2026-04-15 17:25:05.655: [INFO][SyncAuthManager::SetLastAuthError] Current auth error: None
2026-04-15 17:25:05.655: [INFO][SyncAuthManager::EdgeLogTokenErrorState] Token error with: None for account type: MSA
2026-04-15 17:25:05.655: [INFO][Sync] Credentials changed for: EdgeSyncScopeNew
2026-04-15 17:25:12.760: [INFO][Sync] Reset engine, reason: 0
2026-04-15 17:25:12.760: [INFO][Sync] Reset engine with reason: 0
